2024-07-07 00:32:44.815  INFO 17796 --- [main] o.y.w.WebAppStarterApplication           : Starting WebAppStarterApplication using Java 21.0.1 on DESKTOP-F7VCT8R with PID 17796 (C:\all\Java all\projectMaven\web-app-starter\web-app-starter\rentalApp\target\classes started by ylopa in C:\all\Java all\projectMaven\web-app-starter\web-app-starter\rentalApp)
2024-07-07 00:32:44.821  INFO 17796 --- [main] o.y.w.WebAppStarterApplication           : No active profile set, falling back to 1 default profile: "default"
2024-07-07 00:32:46.153  INFO 17796 --- [main] o.apache.catalina.core.StandardService   : Starting service [Tomcat]
2024-07-07 00:32:46.154  INFO 17796 --- [main] org.apache.catalina.core.StandardEngine  : Starting Servlet engine: [Apache Tomcat/9.0.73]
2024-07-07 00:32:46.338  INFO 17796 --- [main] org.apache.jasper.servlet.TldScanner     : At least one JAR was scanned for TLDs yet contained no TLDs. Enable debug logging for this logger for a complete list of JARs that were scanned but no TLDs were found in them. Skipping unneeded JARs during scanning can improve startup time and JSP compilation time.
2024-07-07 00:32:46.342  INFO 17796 --- [main] o.a.c.c.C.[Tomcat].[localhost].[/]       : Initializing Spring embedded WebApplicationContext
2024-07-07 00:32:46.639  INFO 17796 --- [main] com.zaxxer.hikari.HikariDataSource       : HikariPool-1 - Starting...
2024-07-07 00:32:46.780  INFO 17796 --- [main] com.zaxxer.hikari.HikariDataSource       : HikariPool-1 - Start completed.
2024-07-07 00:32:46.892  WARN 17796 --- [main] liquibase.util                           : Failed to perform a method call for SnakeYaml because the version of SnakeYaml being used is too old. Consider upgrading to a SnakeYaml version equal to or newer than 1.32, by downloading and installing a newer version of Liquibase (which includes a newer version of SnakeYaml). Loading particularly large JSON and YAML documents (like snapshots) in Liquibase may fail if SnakeYaml is not upgraded.
2024-07-07 00:32:47.032  INFO 17796 --- [main] liquibase.changelog                      : Reading from webapp.databasechangelog
2024-07-07 00:32:47.058  INFO 17796 --- [main] liquibase.changelog                      : Reading from webapp.databasechangelog
2024-07-07 00:32:47.075  INFO 17796 --- [main] liquibase.util                           : UPDATE SUMMARY
2024-07-07 00:32:47.075  INFO 17796 --- [main] liquibase.util                           : Run:                          0
2024-07-07 00:32:47.075  INFO 17796 --- [main] liquibase.util                           : Previously run:              17
2024-07-07 00:32:47.075  INFO 17796 --- [main] liquibase.util                           : Filtered out:                 0
2024-07-07 00:32:47.075  INFO 17796 --- [main] liquibase.util                           : -------------------------------
2024-07-07 00:32:47.076  INFO 17796 --- [main] liquibase.util                           : Total change sets:           17
2024-07-07 00:32:47.076  INFO 17796 --- [main] liquibase.util                           : Update summary generated
2024-07-07 00:32:47.091  INFO 17796 --- [main] liquibase.lockservice                    : Successfully released change log lock
2024-07-07 00:32:47.092  INFO 17796 --- [main] liquibase.command                        : Command execution complete
2024-07-07 00:32:47.162  INFO 17796 --- [main] o.hibernate.jpa.internal.util.LogHelper  : HHH000204: Processing PersistenceUnitInfo [name: default]
2024-07-07 00:32:47.204  INFO 17796 --- [main] org.hibernate.Version                    : HHH000412: Hibernate ORM core version 5.6.15.Final
2024-07-07 00:32:47.315  INFO 17796 --- [main] o.hibernate.annotations.common.Version   : HCANN000001: Hibernate Commons Annotations {5.1.2.Final}
2024-07-07 00:32:47.404  INFO 17796 --- [main] org.hibernate.dialect.Dialect            : HHH000400: Using dialect: org.hibernate.dialect.PostgreSQL10Dialect
2024-07-07 00:32:47.932  INFO 17796 --- [main] o.h.e.t.j.p.i.JtaPlatformInitiator       : HHH000490: Using JtaPlatform implementation: [org.hibernate.engine.transaction.jta.platform.internal.NoJtaPlatform]
2024-07-07 00:32:49.992  INFO 17796 --- [main] o.y.w.WebAppStarterApplication           : Started WebAppStarterApplication in 5.51 seconds (JVM running for 5.827)
2024-07-07 00:32:55.043  WARN 17796 --- [registrationTask1] d.c.b.a.c.r.ApplicationRegistrator       : Failed to register application as Application(name=Rental of pets, managementUrl=http://localhost:8080/actuator, healthUrl=http://DESKTOP-F7VCT8R:8080/actuator/health, serviceUrl=http://DESKTOP-F7VCT8R:8080/) at spring-boot-admin ([http://localhost:8085/instances]): I/O error on POST request for "http://localhost:8085/instances": Connection refused: no further information; nested exception is java.net.ConnectException: Connection refused: no further information. Further attempts are logged on DEBUG level
